e:\vstudio2019\driverinternals\x64\debug\helloddk.sys
e:\vstudio2019\driverinternals\x64\debug\helloddk.pdb
e:\vstudio2019\driverinternals\x64\debug\helloddk\helloddk.cat
e:\vstudio2019\driverinternals\helloddk\x64\debug\helloddk.inf
e:\vstudio2019\driverinternals\x64\debug\helloddk.cer
e:\vstudio2019\driverinternals\x64\debug\helloddk.inf
e:\vstudio2019\driverinternals\helloddk\x64\debug\vc142.pdb
e:\vstudio2019\driverinternals\helloddk\x64\debug\helloddk.tlog\cl.command.1.tlog
e:\vstudio2019\driverinternals\helloddk\x64\debug\helloddk.tlog\inf2cat-expand.11500.read.1.tlog
e:\vstudio2019\driverinternals\helloddk\x64\debug\helloddk.tlog\inf2cat-expand.11500.write.1.tlog
e:\vstudio2019\driverinternals\helloddk\x64\debug\helloddk.tlog\inf2cat-expand.12664.read.1.tlog
e:\vstudio2019\driverinternals\helloddk\x64\debug\helloddk.tlog\inf2cat-expand.12664.write.1.tlog
e:\vstudio2019\driverinternals\helloddk\x64\debug\helloddk.tlog\inf2cat-expand.14652.read.1.tlog
e:\vstudio2019\driverinternals\helloddk\x64\debug\helloddk.tlog\inf2cat-expand.14652.write.1.tlog
e:\vstudio2019\driverinternals\helloddk\x64\debug\helloddk.tlog\inf2cat-expand.16780.read.1.tlog
e:\vstudio2019\driverinternals\helloddk\x64\debug\helloddk.tlog\inf2cat-expand.16780.write.1.tlog
e:\vstudio2019\driverinternals\helloddk\x64\debug\helloddk.tlog\inf2cat-expand.17120.read.1.tlog
e:\vstudio2019\driverinternals\helloddk\x64\debug\helloddk.tlog\inf2cat-expand.17120.write.1.tlog
e:\vstudio2019\driverinternals\helloddk\x64\debug\helloddk.tlog\inf2cat-expand.17760.read.1.tlog
e:\vstudio2019\driverinternals\helloddk\x64\debug\helloddk.tlog\inf2cat-expand.17760.write.1.tlog
e:\vstudio2019\driverinternals\helloddk\x64\debug\helloddk.tlog\inf2cat-expand.20532.read.1.tlog
e:\vstudio2019\driverinternals\helloddk\x64\debug\helloddk.tlog\inf2cat-expand.20532.write.1.tlog
e:\vstudio2019\driverinternals\helloddk\x64\debug\helloddk.tlog\inf2cat-expand.20584.read.1.tlog
e:\vstudio2019\driverinternals\helloddk\x64\debug\helloddk.tlog\inf2cat-expand.20584.write.1.tlog
e:\vstudio2019\driverinternals\helloddk\x64\debug\helloddk.tlog\inf2cat-expand.21068.read.1.tlog
e:\vstudio2019\driverinternals\helloddk\x64\debug\helloddk.tlog\inf2cat-expand.21068.write.1.tlog
e:\vstudio2019\driverinternals\helloddk\x64\debug\helloddk.tlog\inf2cat-expand.21856.read.1.tlog
e:\vstudio2019\driverinternals\helloddk\x64\debug\helloddk.tlog\inf2cat-expand.21856.write.1.tlog
e:\vstudio2019\driverinternals\helloddk\x64\debug\helloddk.tlog\inf2cat-expand.22532.read.1.tlog
e:\vstudio2019\driverinternals\helloddk\x64\debug\helloddk.tlog\inf2cat-expand.22532.write.1.tlog
e:\vstudio2019\driverinternals\helloddk\x64\debug\helloddk.tlog\inf2cat-expand.22936.read.1.tlog
e:\vstudio2019\driverinternals\helloddk\x64\debug\helloddk.tlog\inf2cat-expand.22936.write.1.tlog
e:\vstudio2019\driverinternals\helloddk\x64\debug\helloddk.tlog\inf2cat-expand.23448.read.1.tlog
e:\vstudio2019\driverinternals\helloddk\x64\debug\helloddk.tlog\inf2cat-expand.23448.write.1.tlog
e:\vstudio2019\driverinternals\helloddk\x64\debug\helloddk.tlog\inf2cat-expand.26364.read.1.tlog
e:\vstudio2019\driverinternals\helloddk\x64\debug\helloddk.tlog\inf2cat-expand.26364.write.1.tlog
e:\vstudio2019\driverinternals\helloddk\x64\debug\helloddk.tlog\inf2cat-expand.4304.read.1.tlog
e:\vstudio2019\driverinternals\helloddk\x64\debug\helloddk.tlog\inf2cat-expand.4304.write.1.tlog
e:\vstudio2019\driverinternals\helloddk\x64\debug\helloddk.tlog\inf2cat-expand.4340.read.1.tlog
e:\vstudio2019\driverinternals\helloddk\x64\debug\helloddk.tlog\inf2cat-expand.4340.write.1.tlog
e:\vstudio2019\driverinternals\helloddk\x64\debug\helloddk.tlog\inf2cat-expand.4348.read.1.tlog
e:\vstudio2019\driverinternals\helloddk\x64\debug\helloddk.tlog\inf2cat-expand.4348.write.1.tlog
e:\vstudio2019\driverinternals\helloddk\x64\debug\helloddk.tlog\inf2cat-expand.4804.read.1.tlog
e:\vstudio2019\driverinternals\helloddk\x64\debug\helloddk.tlog\inf2cat-expand.4804.write.1.tlog
e:\vstudio2019\driverinternals\helloddk\x64\debug\helloddk.tlog\inf2cat-expand.8376.read.1.tlog
e:\vstudio2019\driverinternals\helloddk\x64\debug\helloddk.tlog\inf2cat-expand.8376.write.1.tlog
e:\vstudio2019\driverinternals\helloddk\x64\debug\helloddk.tlog\inf2cat-expand.9088.read.1.tlog
e:\vstudio2019\driverinternals\helloddk\x64\debug\helloddk.tlog\inf2cat-expand.9088.write.1.tlog
e:\vstudio2019\driverinternals\helloddk\x64\debug\helloddk.tlog\inf2cat-expand.9964.read.1.tlog
e:\vstudio2019\driverinternals\helloddk\x64\debug\helloddk.tlog\inf2cat-expand.9964.write.1.tlog
e:\vstudio2019\driverinternals\helloddk\x64\debug\helloddk.tlog\inf2cat-expand.read.1.tlog
e:\vstudio2019\driverinternals\helloddk\x64\debug\helloddk.tlog\inf2cat-expand.write.1.tlog
e:\vstudio2019\driverinternals\helloddk\x64\debug\helloddk.tlog\inf2cat.command.1.tlog
e:\vstudio2019\driverinternals\helloddk\x64\debug\helloddk.tlog\inf2cat.read.1.tlog
e:\vstudio2019\driverinternals\helloddk\x64\debug\helloddk.tlog\inf2cat.read.8.tlog
e:\vstudio2019\driverinternals\helloddk\x64\debug\helloddk.tlog\inf2cat.write.1.tlog
e:\vstudio2019\driverinternals\helloddk\x64\debug\helloddk.tlog\inf2cat.write.8.tlog
e:\vstudio2019\driverinternals\helloddk\x64\debug\helloddk.tlog\link.command.1.tlog
e:\vstudio2019\driverinternals\helloddk\x64\debug\helloddk.tlog\link.read.1.tlog
e:\vstudio2019\driverinternals\helloddk\x64\debug\helloddk.tlog\link.write.1.tlog
e:\vstudio2019\driverinternals\helloddk\x64\debug\helloddk.tlog\signtool.command.1.tlog
e:\vstudio2019\driverinternals\helloddk\x64\debug\helloddk.tlog\signtool.read.1.tlog
e:\vstudio2019\driverinternals\helloddk\x64\debug\helloddk.tlog\signtool.timestamp.1.tlog
e:\vstudio2019\driverinternals\helloddk\x64\debug\helloddk.tlog\signtool.write.1.tlog
e:\vstudio2019\driverinternals\helloddk\x64\debug\helloddk.tlog\stampinf.command.1.tlog
e:\vstudio2019\driverinternals\helloddk\x64\debug\helloddk.tlog\stampinf.read.1.tlog
e:\vstudio2019\driverinternals\helloddk\x64\debug\helloddk.tlog\stampinf.write.1.tlog
