e:\vstudio2019\driverinternals\hellowdm\x64\debug\vc142.pdb
e:\vstudio2019\driverinternals\hellowdm\x64\debug\hellowdm.obj
e:\vstudio2019\driverinternals\x64\debug\hellowdm\hellowdm.cat
e:\vstudio2019\driverinternals\x64\debug\hellowdm.sys
e:\vstudio2019\driverinternals\x64\debug\hellowdm.pdb
e:\vstudio2019\driverinternals\hellowdm\x64\debug\hellowdm.inf
e:\vstudio2019\driverinternals\x64\debug\hellowdm.cer
e:\vstudio2019\driverinternals\x64\debug\hellowdm.inf
e:\vstudio2019\driverinternals\hellowdm\x64\debug\hellowdm.tlog\cl.command.1.tlog
e:\vstudio2019\driverinternals\hellowdm\x64\debug\hellowdm.tlog\cl.read.1.tlog
e:\vstudio2019\driverinternals\hellowdm\x64\debug\hellowdm.tlog\cl.write.1.tlog
e:\vstudio2019\driverinternals\hellowdm\x64\debug\hellowdm.tlog\inf2cat-expand.21348.read.1.tlog
e:\vstudio2019\driverinternals\hellowdm\x64\debug\hellowdm.tlog\inf2cat-expand.21348.write.1.tlog
e:\vstudio2019\driverinternals\hellowdm\x64\debug\hellowdm.tlog\inf2cat-expand.24364.read.1.tlog
e:\vstudio2019\driverinternals\hellowdm\x64\debug\hellowdm.tlog\inf2cat-expand.24364.write.1.tlog
e:\vstudio2019\driverinternals\hellowdm\x64\debug\hellowdm.tlog\inf2cat-expand.7124.read.1.tlog
e:\vstudio2019\driverinternals\hellowdm\x64\debug\hellowdm.tlog\inf2cat-expand.7124.write.1.tlog
e:\vstudio2019\driverinternals\hellowdm\x64\debug\hellowdm.tlog\inf2cat-expand.read.1.tlog
e:\vstudio2019\driverinternals\hellowdm\x64\debug\hellowdm.tlog\inf2cat-expand.write.1.tlog
e:\vstudio2019\driverinternals\hellowdm\x64\debug\hellowdm.tlog\inf2cat.command.1.tlog
e:\vstudio2019\driverinternals\hellowdm\x64\debug\hellowdm.tlog\inf2cat.read.1.tlog
e:\vstudio2019\driverinternals\hellowdm\x64\debug\hellowdm.tlog\inf2cat.write.1.tlog
e:\vstudio2019\driverinternals\hellowdm\x64\debug\hellowdm.tlog\link.command.1.tlog
e:\vstudio2019\driverinternals\hellowdm\x64\debug\hellowdm.tlog\link.read.1.tlog
e:\vstudio2019\driverinternals\hellowdm\x64\debug\hellowdm.tlog\link.write.1.tlog
e:\vstudio2019\driverinternals\hellowdm\x64\debug\hellowdm.tlog\signtool.command.1.tlog
e:\vstudio2019\driverinternals\hellowdm\x64\debug\hellowdm.tlog\signtool.read.1.tlog
e:\vstudio2019\driverinternals\hellowdm\x64\debug\hellowdm.tlog\signtool.timestamp.1.tlog
e:\vstudio2019\driverinternals\hellowdm\x64\debug\hellowdm.tlog\signtool.write.1.tlog
e:\vstudio2019\driverinternals\hellowdm\x64\debug\hellowdm.tlog\stampinf.command.1.tlog
e:\vstudio2019\driverinternals\hellowdm\x64\debug\hellowdm.tlog\stampinf.read.1.tlog
e:\vstudio2019\driverinternals\hellowdm\x64\debug\hellowdm.tlog\stampinf.write.1.tlog
